<?xml version="1.0" encoding="UTF-8"?>
<!-- Generated by org.testng.reporters.JUnitXMLReporter -->
<testsuite ignored="2" hostname="DESKTOP-DIOO17K" failures="0" tests="1" name="Default test" time="1.374" errors="0" timestamp="2023-08-30T20:27:46 IST">
  <testcase classname="Apractice1.fileuploadAndDownload" name="filedownload" time="1.323"/>
  <testcase classname="Apractice1.fileuploadAndDownload" name="fileupload" time="0.0">
    <ignored/>
  </testcase> <!-- fileupload -->
  <testcase classname="Apractice1.fileuploadAndDownload" name="multiplefileupload" time="0.0">
    <ignored/>
  </testcase> <!-- multiplefileupload -->
</testsuite> <!-- Default test -->
