<?xml version="1.0" encoding="UTF-8"?>
<!-- Generated by org.testng.reporters.JUnitXMLReporter -->
<testsuite ignored="0" hostname="DESKTOP-DIOO17K" failures="0" tests="4" name="Test" time="3.548" errors="0" timestamp="2023-08-29T15:25:05 IST">
  <testcase classname="chain.createuser" name="createuser" time="2.679"/>
  <testcase classname="chain.getuser" name="testgetuser" time="0.265"/>
  <testcase classname="chain.updateuser" name="test_createuser" time="0.35"/>
  <testcase classname="chain.deleteuser" name="testdeleteuser" time="0.189"/>
</testsuite> <!-- Test -->
