<?xml version="1.0" encoding="UTF-8"?>
<testng-results ignored="0" total="1" passed="1" failed="0" skipped="0">
  <reporter-output>
  </reporter-output>
  <suite started-at="2023-08-30T20:27:45 IST" name="Default suite" finished-at="2023-08-30T20:27:46 IST" duration-ms="1374">
    <groups>
    </groups>
    <test started-at="2023-08-30T20:27:45 IST" name="Default test" finished-at="2023-08-30T20:27:46 IST" duration-ms="1374">
      <class name="Apractice1.fileuploadAndDownload">
        <test-method signature="filedownload()[pri:0, instance:Apractice1.fileuploadAndDownload@1189dd52]" started-at="2023-08-30T20:27:45 IST" name="filedownload" finished-at="2023-08-30T20:27:46 IST" duration-ms="1323" status="PASS">
          <reporter-output>
          </reporter-output>
        </test-method> <!-- filedownload -->
      </class> <!-- Apractice1.fileuploadAndDownload -->
    </test> <!-- Default test -->
  </suite> <!-- Default suite -->
</testng-results>
